<?xml version="1.0" encoding="UTF-8"?>
<!-- Generated by org.testng.reporters.JUnitReportReporter -->
<testsuite skipped="0" hostname="DESKTOP-2I5GS9K" name="org.sample.TestNGOne" tests="1" failures="0" timestamp="29 Jul 2019 14:42:52 GMT" time="7.512" errors="0">
  <testcase name="test1" time="7.512" classname="org.sample.TestNGOne"/>
</testsuite> <!-- org.sample.TestNGOne -->
